<?xml version="1.0" encoding="UTF-8" ?>
<testsuites>
    <testsuite errors="0" tests="1" time="0" failures="0" name="Firefox 14.0.1, Linux">
        <testcase time="0.003" classname="Firefox 14.0.1, Linux.Multi-environment" name="runs in all environments"/>
    </testsuite>
</testsuites>
<?xml version="1.0" encoding="UTF-8" ?>
<testsuites>
    <testsuite errors="0" tests="1" time="0" failures="0" name="Firefox 14.0.1, Linux">
        <testcase time="0.01" classname="Firefox 14.0.1, Linux.Multi-environment" name="runs in all environments"/>
    </testsuite>
</testsuites>
